Build started 2015-01-25 11:27:18 AM.
     1>Project "C:\Users\shaowei\Desktop\ButterflySword\1\Multitexturing.vcxproj" on node 2 (build target(s)).
     1>InitializeBuildStatus:
         Creating ".\Debug\Multitexturing.unsuccessfulbuild" because "AlwaysCreate" was specified.
       ClCompile:
         C:\Program Files (x86)\Microsoft Visual Studio 10.0\VC\bin\CL.exe /c /ZI /nologo /W3 /WX- /Od /Oy- /D WIN32 /D _DEBUG /D _WINDOWS /D _VC80_UPGRADE=0x0710 /D _MBCS /Gm- /EHsc /RTC1 /MTd /GS /fp:precise /Zc:wchar_t /Zc:forScope /Fo".\Debug/" /Fd".\Debug/vc100.pdb" /Gd /TP /analyze- /errorReport:prompt Main.cpp
         Main.cpp
     1>c:\users\shaowei\desktop\butterflysword\1\main.cpp(139): warning C4305: '=' : truncation from 'double' to 'float'
     1>c:\users\shaowei\desktop\butterflysword\1\main.cpp(351): warning C4244: 'initializing' : conversion from 'float' to 'int', possible loss of data
     1>c:\users\shaowei\desktop\butterflysword\1\main.cpp(353): warning C4244: 'argument' : conversion from 'double' to 'float', possible loss of data
     1>c:\users\shaowei\desktop\butterflysword\1\main.cpp(361): warning C4244: 'initializing' : conversion from 'float' to 'int', possible loss of data
     1>c:\users\shaowei\desktop\butterflysword\1\main.cpp(363): warning C4244: 'argument' : conversion from 'double' to 'float', possible loss of data
     1>c:\users\shaowei\desktop\butterflysword\1\main.cpp(371): warning C4244: 'initializing' : conversion from 'float' to 'int', possible loss of data
     1>c:\users\shaowei\desktop\butterflysword\1\main.cpp(373): warning C4244: 'argument' : conversion from 'double' to 'float', possible loss of data
     1>c:\users\shaowei\desktop\butterflysword\1\main.cpp(539): warning C4305: 'argument' : truncation from 'double' to 'float'
     1>c:\users\shaowei\desktop\butterflysword\1\main.cpp(540): warning C4305: 'argument' : truncation from 'double' to 'float'
     1>c:\users\shaowei\desktop\butterflysword\1\main.cpp(576): warning C4244: 'argument' : conversion from 'double' to 'float', possible loss of data
     1>c:\users\shaowei\desktop\butterflysword\1\main.cpp(577): warning C4244: 'argument' : conversion from 'double' to 'float', possible loss of data
     1>c:\users\shaowei\desktop\butterflysword\1\main.cpp(578): warning C4244: 'argument' : conversion from 'double' to 'float', possible loss of data
     1>c:\users\shaowei\desktop\butterflysword\1\main.cpp(579): warning C4244: 'argument' : conversion from 'double' to 'float', possible loss of data
     1>c:\users\shaowei\desktop\butterflysword\1\main.cpp(581): warning C4305: 'argument' : truncation from 'double' to 'float'
     1>c:\users\shaowei\desktop\butterflysword\1\main.cpp(600): warning C4305: 'argument' : truncation from 'double' to 'float'
     1>c:\users\shaowei\desktop\butterflysword\1\main.cpp(601): warning C4305: 'argument' : truncation from 'double' to 'float'
     1>c:\users\shaowei\desktop\butterflysword\1\main.cpp(602): warning C4305: 'argument' : truncation from 'double' to 'float'
     1>c:\users\shaowei\desktop\butterflysword\1\main.cpp(634): warning C4305: '+=' : truncation from 'double' to 'float'
     1>c:\users\shaowei\desktop\butterflysword\1\main.cpp(703): warning C4305: 'argument' : truncation from 'double' to 'float'
     1>c:\users\shaowei\desktop\butterflysword\1\main.cpp(704): warning C4305: 'argument' : truncation from 'double' to 'float'
     1>c:\users\shaowei\desktop\butterflysword\1\main.cpp(710): warning C4305: 'argument' : truncation from 'double' to 'float'
     1>c:\users\shaowei\desktop\butterflysword\1\main.cpp(710): warning C4305: 'argument' : truncation from 'double' to 'float'
     1>c:\users\shaowei\desktop\butterflysword\1\main.cpp(711): warning C4305: 'argument' : truncation from 'double' to 'float'
     1>c:\users\shaowei\desktop\butterflysword\1\main.cpp(711): warning C4305: 'argument' : truncation from 'double' to 'float'
     1>c:\users\shaowei\desktop\butterflysword\1\main.cpp(712): warning C4305: 'argument' : truncation from 'double' to 'float'
     1>c:\users\shaowei\desktop\butterflysword\1\main.cpp(712): warning C4305: 'argument' : truncation from 'double' to 'float'
     1>c:\users\shaowei\desktop\butterflysword\1\main.cpp(739): warning C4305: 'argument' : truncation from 'double' to 'float'
       ManifestResourceCompile:
         All outputs are up-to-date.
       Link:
         C:\Program Files (x86)\Microsoft Visual Studio 10.0\VC\bin\link.exe /ERRORREPORT:PROMPT /OUT:".\Debug/Multitexturing.exe" /INCREMENTAL /NOLOGO odbc32.lib odbccp32.lib kernel32.lib user32.lib gdi32.lib winspool.lib comdlg32.lib advapi32.lib shell32.lib ole32.lib oleaut32.lib uuid.lib odbc32.lib odbccp32.lib /MANIFEST /ManifestFile:".\Debug\Multitexturing.exe.intermediate.manifest" /MANIFESTUAC:"level='asInvoker' uiAccess='false'" /DEBUG /PDB:".\Debug/Multitexturing.pdb" /SUBSYSTEM:WINDOWS /TLBID:1 /DYNAMICBASE /NXCOMPAT /IMPLIB:".\Debug\Multitexturing.lib" /MACHINE:X86 .\Debug\Multitexturing.exe.embed.manifest.res
         .\Debug/Camera.obj
         .\Debug/hud.obj
         .\Debug/Init.obj
         .\Debug/Main.obj /MACHINE:I386 
       Manifest:
         C:\Program Files (x86)\Microsoft SDKs\Windows\v7.0A\bin\mt.exe /nologo /verbose /out:".\Debug\Multitexturing.exe.embed.manifest" /manifest .\Debug\Multitexturing.exe.intermediate.manifest
         All outputs are up-to-date.
       LinkEmbedManifest:
         All outputs are up-to-date.
         Multitexturing.vcxproj -> C:\Users\shaowei\Desktop\ButterflySword\1\.\Debug\Multitexturing.exe
       FinalizeBuildStatus:
         Deleting file ".\Debug\Multitexturing.unsuccessfulbuild".
         Touching ".\Debug\Multitexturing.lastbuildstate".
     1>Done Building Project "C:\Users\shaowei\Desktop\ButterflySword\1\Multitexturing.vcxproj" (build target(s)).

Build succeeded.

Time Elapsed 00:00:01.25
